Opened log file 'trace_lab3_full.log'
0:000> g
g
=== [SIGNAL] NtSetEvent ===
=== [CLOSE] NtClose ===
=== [CHILD] NtOpenSection (child открывает mapping) ===
=== [2] NtMapViewOfSection ===
ModLoad: 00007ffc`b5310000 00007ffc`b53c4000   C:\WINDOWS\System32\advapi32.dll
=== [CHILD] NtOpenSection (child открывает mapping) ===
=== [2] NtMapViewOfSection ===
ModLoad: 00007ffc`b53d0000 00007ffc`b5479000   C:\WINDOWS\System32\msvcrt.dll
=== [CLOSE] NtClose ===
=== [CHILD] NtOpenSection (child открывает mapping) ===
=== [2] NtMapViewOfSection ===
ModLoad: 00007ffc`b40a0000 00007ffc`b4146000   C:\WINDOWS\System32\sechost.dll
=== [CLOSE] NtClose ===
=== [CHILD] NtOpenSection (child открывает mapping) ===
=== [2] NtMapViewOfSection ===
ModLoad: 00007ffc`b3e90000 00007ffc`b3fa8000   C:\WINDOWS\System32\RPCRT4.dll
=== [CLOSE] NtClose ===
=== [CLOSE] NtClose ===
=== [CHILD] NtOpenSection (child открывает mapping) ===
=== [1] NtCreateSection (CreateFileMapping) ===
=== [2] NtMapViewOfSection ===
ModLoad: 00007ffc`b26e0000 00007ffc`b26ec000   C:\WINDOWS\SYSTEM32\CRYPTBASE.DLL
=== [CLOSE] NtClose ===
=== [CLOSE] NtClose ===
=== [CHILD] NtOpenSection (child открывает mapping) ===
=== [2] NtMapViewOfSection ===
ModLoad: 00007ffc`b3a70000 00007ffc`b3b15000   C:\WINDOWS\System32\bcryptPrimitives.dll
=== [CLOSE] NtClose ===
=== [CLOSE] NtClose ===
=== [3] NtCreateEvent (создание события) ===
=== [SIGNAL] NtSetEvent ===
=== [CLOSE] NtClose ===
=== [SIGNAL] NtSetEvent ===
=== [WRITE] NtWriteFile (вывод в консоль) ===
=== [READ] NtReadFile (чтение файла) ===
=== [CLOSE] NtClose ===
=== [CLOSE] NtClose ===
=== [CLOSE] NtClose ===
=== [CLOSE] NtClose ===
=== [CLOSE] NtClose ===
=== [CLOSE] NtClose ===
=== [CLOSE] NtClose ===
=== [CLOSE] NtClose ===
=== [CLOSE] NtClose ===
=== [1] NtCreateSection (CreateFileMapping) ===
=== [2] NtMapViewOfSection ===
=== [CLOSE] NtClose ===
=== [CLOSE] NtClose ===
=== [CLOSE] NtClose ===
=== [1] NtCreateSection (CreateFileMapping) ===
=== [2] NtMapViewOfSection ===
=== [CLOSE] NtClose ===
=== [UNMAP] NtUnmapViewOfSection ===
=== [CLOSE] NtClose ===
=== [UNMAP] NtUnmapViewOfSection ===
=== [1] NtCreateSection (CreateFileMapping) ===
=== [2] NtMapViewOfSection ===
=== [CLOSE] NtClose ===
=== [CLOSE] NtClose ===
=== [CLOSE] NtClose ===
=== [1] NtCreateSection (CreateFileMapping) ===
=== [2] NtMapViewOfSection ===
=== [CLOSE] NtClose ===
=== [UNMAP] NtUnmapViewOfSection ===
=== [CLOSE] NtClose ===
=== [UNMAP] NtUnmapViewOfSection ===
=== [WRITE] NtWriteFile (вывод в консоль) ===
=== [WRITE] NtWriteFile (вывод в консоль) ===
=== [WRITE] NtWriteFile (вывод в консоль) ===
=== [WRITE] NtWriteFile (вывод в консоль) ===
=== [WRITE] NtWriteFile (вывод в консоль) ===
=== [WRITE] NtWriteFile (вывод в консоль) ===
=== [WRITE] NtWriteFile (вывод в консоль) ===
=== [WRITE] NtWriteFile (вывод в консоль) ===
=== [WRITE] NtWriteFile (вывод в консоль) ===
=== [WRITE] NtWriteFile (вывод в консоль) ===
=== [WRITE] NtWriteFile (вывод в консоль) ===
=== [1] NtCreateSection (CreateFileMapping) ===
=== [2] NtMapViewOfSection ===
=== [WRITE] NtWriteFile (вывод в консоль) ===
=== [WRITE] NtWriteFile (вывод в консоль) ===
=== [WRITE] NtWriteFile (вывод в консоль) ===
=== [WRITE] NtWriteFile (вывод в консоль) ===
=== [WRITE] NtWriteFile (вывод в консоль) ===
=== [WRITE] NtWriteFile (вывод в консоль) ===
=== [WRITE] NtWriteFile (вывод в консоль) ===
=== [WRITE] NtWriteFile (вывод в консоль) ===
=== [WRITE] NtWriteFile (вывод в консоль) ===
=== [WRITE] NtWriteFile (вывод в консоль) ===
=== [WRITE] NtWriteFile (вывод в консоль) ===
=== [3] NtCreateEvent (создание события) ===
=== [3] NtCreateEvent (создание события) ===
=== [WRITE] NtWriteFile (вывод в консоль) ===
=== [WRITE] NtWriteFile (вывод в консоль) ===
=== [WRITE] NtWriteFile (вывод в консоль) ===
=== [WRITE] NtWriteFile (вывод в консоль) ===
=== [WRITE] NtWriteFile (вывод в консоль) ===
=== [WRITE] NtWriteFile (вывод в консоль) ===
=== [WRITE] NtWriteFile (вывод в консоль) ===
=== [WRITE] NtWriteFile (вывод в консоль) ===
=== [WRITE] NtWriteFile (вывод в консоль) ===
=== [WRITE] NtWriteFile (вывод в консоль) ===
=== [WRITE] NtWriteFile (вывод в консоль) ===
=== [CLOSE] NtClose ===
=== [PROCESS] NtCreateUserProcess (создание child) ===
=== [CLOSE] NtClose ===
=== [CLOSE] NtClose ===
=== [CLOSE] NtClose ===
=== [CLOSE] NtClose ===
=== [CLOSE] NtClose ===
=== [CLOSE] NtClose ===
=== [CLOSE] NtClose ===
=== [WRITE] NtWriteFile (вывод в консоль) ===
=== [WRITE] NtWriteFile (вывод в консоль) ===
=== [WRITE] NtWriteFile (вывод в консоль) ===
=== [WRITE] NtWriteFile (вывод в консоль) ===
=== [WRITE] NtWriteFile (вывод в консоль) ===
=== [WRITE] NtWriteFile (вывод в консоль) ===
=== [WRITE] NtWriteFile (вывод в консоль) ===
=== [WRITE] NtWriteFile (вывод в консоль) ===
=== [WRITE] NtWriteFile (вывод в консоль) ===
=== [WRITE] NtWriteFile (вывод в консоль) ===
=== [WRITE] NtWriteFile (вывод в консоль) ===
=== [READ] NtReadFile (чтение файла) ===
=== [WRITE] NtWriteFile (вывод в консоль) ===
=== [WRITE] NtWriteFile (вывод в консоль) ===
=== [WRITE] NtWriteFile (вывод в консоль) ===
=== [WRITE] NtWriteFile (вывод в консоль) ===
=== [WRITE] NtWriteFile (вывод в консоль) ===
=== [WRITE] NtWriteFile (вывод в консоль) ===
=== [WRITE] NtWriteFile (вывод в консоль) ===
=== [WRITE] NtWriteFile (вывод в консоль) ===
=== [WRITE] NtWriteFile (вывод в консоль) ===
=== [WRITE] NtWriteFile (вывод в консоль) ===
=== [WRITE] NtWriteFile (вывод в консоль) ===
=== [SIGNAL] NtSetEvent ===
=== [WAIT] NtWaitForSingleObject ===
=== [WRITE] NtWriteFile (вывод в консоль) ===
=== [WRITE] NtWriteFile (вывод в консоль) ===
=== [WRITE] NtWriteFile (вывод в консоль) ===
=== [WRITE] NtWriteFile (вывод в консоль) ===
=== [WRITE] NtWriteFile (вывод в консоль) ===
=== [WRITE] NtWriteFile (вывод в консоль) ===
=== [WRITE] NtWriteFile (вывод в консоль) ===
=== [WRITE] NtWriteFile (вывод в консоль) ===
=== [WRITE] NtWriteFile (вывод в консоль) ===
=== [WRITE] NtWriteFile (вывод в консоль) ===
=== [WRITE] NtWriteFile (вывод в консоль) ===
=== [WRITE] NtWriteFile (вывод в консоль) ===
=== [WRITE] NtWriteFile (вывод в консоль) ===
=== [WRITE] NtWriteFile (вывод в консоль) ===
=== [WRITE] NtWriteFile (вывод в консоль) ===
=== [WRITE] NtWriteFile (вывод в консоль) ===
=== [WRITE] NtWriteFile (вывод в консоль) ===
=== [WRITE] NtWriteFile (вывод в консоль) ===
=== [WRITE] NtWriteFile (вывод в консоль) ===
=== [WRITE] NtWriteFile (вывод в консоль) ===
=== [WRITE] NtWriteFile (вывод в консоль) ===
=== [WRITE] NtWriteFile (вывод в консоль) ===
=== [SIGNAL] NtSetEvent ===
=== [WAIT] NtWaitForSingleObject ===
=== [WRITE] NtWriteFile (вывод в консоль) ===
=== [WRITE] NtWriteFile (вывод в консоль) ===
=== [WRITE] NtWriteFile (вывод в консоль) ===
=== [WRITE] NtWriteFile (вывод в консоль) ===
=== [WRITE] NtWriteFile (вывод в консоль) ===
=== [WRITE] NtWriteFile (вывод в консоль) ===
=== [WRITE] NtWriteFile (вывод в консоль) ===
=== [WRITE] NtWriteFile (вывод в консоль) ===
=== [WRITE] NtWriteFile (вывод в консоль) ===
=== [WRITE] NtWriteFile (вывод в консоль) ===
=== [WRITE] NtWriteFile (вывод в консоль) ===
=== [WRITE] NtWriteFile (вывод в консоль) ===
=== [WRITE] NtWriteFile (вывод в консоль) ===
=== [WRITE] NtWriteFile (вывод в консоль) ===
=== [WRITE] NtWriteFile (вывод в консоль) ===
=== [WRITE] NtWriteFile (вывод в консоль) ===
=== [WRITE] NtWriteFile (вывод в консоль) ===
=== [WRITE] NtWriteFile (вывод в консоль) ===
=== [WRITE] NtWriteFile (вывод в консоль) ===
=== [WRITE] NtWriteFile (вывод в консоль) ===
=== [WRITE] NtWriteFile (вывод в консоль) ===
=== [WRITE] NtWriteFile (вывод в консоль) ===
=== [SIGNAL] NtSetEvent ===
=== [WAIT] NtWaitForSingleObject ===
=== [WRITE] NtWriteFile (вывод в консоль) ===
=== [WRITE] NtWriteFile (вывод в консоль) ===
=== [WRITE] NtWriteFile (вывод в консоль) ===
=== [WRITE] NtWriteFile (вывод в консоль) ===
=== [WRITE] NtWriteFile (вывод в консоль) ===
=== [WRITE] NtWriteFile (вывод в консоль) ===
=== [WRITE] NtWriteFile (вывод в консоль) ===
=== [WRITE] NtWriteFile (вывод в консоль) ===
=== [WRITE] NtWriteFile (вывод в консоль) ===
=== [WRITE] NtWriteFile (вывод в консоль) ===
=== [WRITE] NtWriteFile (вывод в консоль) ===
=== [WRITE] NtWriteFile (вывод в консоль) ===
=== [WRITE] NtWriteFile (вывод в консоль) ===
=== [WRITE] NtWriteFile (вывод в консоль) ===
=== [WRITE] NtWriteFile (вывод в консоль) ===
=== [WRITE] NtWriteFile (вывод в консоль) ===
=== [WRITE] NtWriteFile (вывод в консоль) ===
=== [WRITE] NtWriteFile (вывод в консоль) ===
=== [WRITE] NtWriteFile (вывод в консоль) ===
=== [WRITE] NtWriteFile (вывод в консоль) ===
=== [WRITE] NtWriteFile (вывод в консоль) ===
=== [WRITE] NtWriteFile (вывод в консоль) ===
=== [SIGNAL] NtSetEvent ===
=== [WAIT] NtWaitForSingleObject ===
=== [WRITE] NtWriteFile (вывод в консоль) ===
=== [WRITE] NtWriteFile (вывод в консоль) ===
=== [WRITE] NtWriteFile (вывод в консоль) ===
=== [WRITE] NtWriteFile (вывод в консоль) ===
=== [WRITE] NtWriteFile (вывод в консоль) ===
=== [WRITE] NtWriteFile (вывод в консоль) ===
=== [WRITE] NtWriteFile (вывод в консоль) ===
=== [WRITE] NtWriteFile (вывод в консоль) ===
=== [WRITE] NtWriteFile (вывод в консоль) ===
=== [WRITE] NtWriteFile (вывод в консоль) ===
=== [WRITE] NtWriteFile (вывод в консоль) ===
=== [WRITE] NtWriteFile (вывод в консоль) ===
=== [WRITE] NtWriteFile (вывод в консоль) ===
=== [WRITE] NtWriteFile (вывод в консоль) ===
=== [WRITE] NtWriteFile (вывод в консоль) ===
=== [WRITE] NtWriteFile (вывод в консоль) ===
=== [WRITE] NtWriteFile (вывод в консоль) ===
=== [WRITE] NtWriteFile (вывод в консоль) ===
=== [WRITE] NtWriteFile (вывод в консоль) ===
=== [WRITE] NtWriteFile (вывод в консоль) ===
=== [WRITE] NtWriteFile (вывод в консоль) ===
=== [WRITE] NtWriteFile (вывод в консоль) ===
=== [SIGNAL] NtSetEvent ===
=== [WAIT] NtWaitForSingleObject ===
=== [WRITE] NtWriteFile (вывод в консоль) ===
=== [WRITE] NtWriteFile (вывод в консоль) ===
=== [WRITE] NtWriteFile (вывод в консоль) ===
=== [WRITE] NtWriteFile (вывод в консоль) ===
=== [WRITE] NtWriteFile (вывод в консоль) ===
=== [WRITE] NtWriteFile (вывод в консоль) ===
=== [WRITE] NtWriteFile (вывод в консоль) ===
=== [WRITE] NtWriteFile (вывод в консоль) ===
=== [WRITE] NtWriteFile (вывод в консоль) ===
=== [WRITE] NtWriteFile (вывод в консоль) ===
=== [WRITE] NtWriteFile (вывод в консоль) ===
=== [SIGNAL] NtSetEvent ===
=== [CLOSE] NtClose ===
=== [WAIT] NtWaitForSingleObject ===
=== [WRITE] NtWriteFile (вывод в консоль) ===
=== [WRITE] NtWriteFile (вывод в консоль) ===
=== [WRITE] NtWriteFile (вывод в консоль) ===
=== [WRITE] NtWriteFile (вывод в консоль) ===
=== [WRITE] NtWriteFile (вывод в консоль) ===
=== [WRITE] NtWriteFile (вывод в консоль) ===
=== [WRITE] NtWriteFile (вывод в консоль) ===
=== [WRITE] NtWriteFile (вывод в консоль) ===
=== [WRITE] NtWriteFile (вывод в консоль) ===
=== [WRITE] NtWriteFile (вывод в консоль) ===
=== [WRITE] NtWriteFile (вывод в консоль) ===
=== [CLOSE] NtClose ===
=== [CLOSE] NtClose ===
=== [CLOSE] NtClose ===
=== [CLOSE] NtClose ===
=== [CLOSE] NtClose ===
=== [WRITE] NtWriteFile (вывод в консоль) ===
=== [WRITE] NtWriteFile (вывод в консоль) ===
=== [WRITE] NtWriteFile (вывод в консоль) ===
=== [WRITE] NtWriteFile (вывод в консоль) ===
=== [WRITE] NtWriteFile (вывод в консоль) ===
=== [WRITE] NtWriteFile (вывод в консоль) ===
=== [WRITE] NtWriteFile (вывод в консоль) ===
=== [WRITE] NtWriteFile (вывод в консоль) ===
=== [WRITE] NtWriteFile (вывод в консоль) ===
=== [WRITE] NtWriteFile (вывод в консоль) ===
=== [WRITE] NtWriteFile (вывод в консоль) ===
=== [CHILD] NtOpenSection (child открывает mapping) ===
=== [1] NtCreateSection (CreateFileMapping) ===
=== [2] NtMapViewOfSection ===
ModLoad: 00007ffc`b1e90000 00007ffc`b1eab000   C:\WINDOWS\SYSTEM32\kernel.appcore.dll
=== [CLOSE] NtClose ===
=== [CLOSE] NtClose ===
=== [SIGNAL] NtSetEvent ===
=== [CLOSE] NtClose ===
=== [CLOSE] NtClose ===
=== [CLOSE] NtClose ===
=== [CLOSE] NtClose ===
=== [CLOSE] NtClose ===
=== [CLOSE] NtClose ===
=== [CLOSE] NtClose ===
=== [CLOSE] NtClose ===
=== [CLOSE] NtClose ===
=== [CLOSE] NtClose ===
=== [CLOSE] NtClose ===
=== [CLOSE] NtClose ===
=== [CLOSE] NtClose ===
ntdll!NtTerminateProcess+0x14:
00007ffc`b60e2244 c3              ret
0:000> .logclose
.logclose
Closing open log file trace_lab3_full.log
